<?xml version="1.0" encoding="UTF-8"?>
<coverage generated="1774127074862" clover="3.2.0">
  <project timestamp="1774127074862" name="All files">
    <metrics statements="43" coveredstatements="43" conditionals="32" coveredconditionals="29" methods="2" coveredmethods="2" elements="77" coveredelements="74" complexity="0" loc="43" ncloc="43" packages="1" files="1" classes="1"/>
    <file name="index.js" path="/home/parallels/ATU/Projects/frontend2025/lambda/index.js">
      <metrics statements="43" coveredstatements="43" conditionals="32" coveredconditionals="29" methods="2" coveredmethods="2"/>
      <line num="3" count="15" type="stmt"/>
      <line num="4" count="15" type="stmt"/>
      <line num="7" count="15" type="stmt"/>
      <line num="10" count="3" type="cond" truecount="1" falsecount="1"/>
      <line num="11" count="3" type="stmt"/>
      <line num="12" count="3" type="stmt"/>
      <line num="13" count="3" type="stmt"/>
      <line num="14" count="3" type="stmt"/>
      <line num="17" count="15" type="stmt"/>
      <line num="24" count="15" type="stmt"/>
      <line num="26" count="15" type="cond" truecount="2" falsecount="0"/>
      <line num="27" count="1" type="stmt"/>
      <line num="31" count="14" type="cond" truecount="2" falsecount="0"/>
      <line num="32" count="14" type="cond" truecount="4" falsecount="0"/>
      <line num="33" count="2" type="stmt"/>
      <line num="40" count="12" type="stmt"/>
      <line num="41" count="12" type="stmt"/>
      <line num="42" count="12" type="stmt"/>
      <line num="44" count="1" type="stmt"/>
      <line num="52" count="11" type="stmt"/>
      <line num="53" count="11" type="cond" truecount="4" falsecount="0"/>
      <line num="54" count="1" type="stmt"/>
      <line num="63" count="10" type="stmt"/>
      <line num="64" count="10" type="cond" truecount="1" falsecount="1"/>
      <line num="66" count="1" type="stmt"/>
      <line num="73" count="9" type="stmt"/>
      <line num="75" count="9" type="cond" truecount="4" falsecount="0"/>
      <line num="76" count="2" type="stmt"/>
      <line num="82" count="7" type="cond" truecount="4" falsecount="0"/>
      <line num="83" count="2" type="stmt"/>
      <line num="89" count="5" type="cond" truecount="4" falsecount="0"/>
      <line num="90" count="2" type="stmt"/>
      <line num="98" count="3" type="stmt"/>
      <line num="99" count="3" type="stmt"/>
      <line num="100" count="3" type="cond" truecount="1" falsecount="1"/>
      <line num="101" count="3" type="stmt"/>
      <line num="103" count="3" type="stmt"/>
      <line num="113" count="3" type="stmt"/>
      <line num="118" count="2" type="cond" truecount="2" falsecount="0"/>
      <line num="119" count="1" type="stmt"/>
      <line num="126" count="1" type="stmt"/>
      <line num="132" count="1" type="stmt"/>
      <line num="133" count="1" type="stmt"/>
    </file>
  </project>
</coverage>
