{"/home/parallels/ATU/Projects/frontend2025/lambda/index.js": {"path":"/home/parallels/ATU/Projects/frontend2025/lambda/index.js","statementMap":{"0":{"start":{"line":3,"column":34},"end":{"line":3,"column":52}},"1":{"start":{"line":4,"column":12},"end":{"line":4,"column":35}},"2":{"start":{"line":7,"column":19},"end":{"line":7,"column":23}},"3":{"start":{"line":10,"column":2},"end":{"line":10,"column":40}},"4":{"start":{"line":10,"column":20},"end":{"line":10,"column":40}},"5":{"start":{"line":11,"column":17},"end":{"line":11,"column":60}},"6":{"start":{"line":12,"column":2},"end":{"line":12,"column":25}},"7":{"start":{"line":13,"column":2},"end":{"line":13,"column":24}},"8":{"start":{"line":14,"column":2},"end":{"line":14,"column":16}},"9":{"start":{"line":17,"column":21},"end":{"line":22,"column":1}},"10":{"start":{"line":24,"column":0},"end":{"line":139,"column":2}},"11":{"start":{"line":26,"column":2},"end":{"line":28,"column":3}},"12":{"start":{"line":27,"column":4},"end":{"line":27,"column":64}},"13":{"start":{"line":31,"column":21},"end":{"line":31,"column":81}},"14":{"start":{"line":32,"column":2},"end":{"line":38,"column":3}},"15":{"start":{"line":33,"column":4},"end":{"line":37,"column":6}},"16":{"start":{"line":40,"column":16},"end":{"line":40,"column":40}},"17":{"start":{"line":41,"column":2},"end":{"line":49,"column":3}},"18":{"start":{"line":42,"column":4},"end":{"line":42,"column":45}},"19":{"start":{"line":44,"column":4},"end":{"line":48,"column":6}},"20":{"start":{"line":52,"column":22},"end":{"line":52,"column":46}},"21":{"start":{"line":53,"column":2},"end":{"line":59,"column":3}},"22":{"start":{"line":54,"column":4},"end":{"line":58,"column":6}},"23":{"start":{"line":63,"column":2},"end":{"line":71,"column":3}},"24":{"start":{"line":64,"column":4},"end":{"line":64,"column":42}},"25":{"start":{"line":66,"column":4},"end":{"line":70,"column":6}},"26":{"start":{"line":73,"column":41},"end":{"line":73,"column":45}},"27":{"start":{"line":75,"column":2},"end":{"line":81,"column":3}},"28":{"start":{"line":76,"column":4},"end":{"line":80,"column":6}},"29":{"start":{"line":82,"column":2},"end":{"line":88,"column":3}},"30":{"start":{"line":83,"column":4},"end":{"line":87,"column":6}},"31":{"start":{"line":89,"column":2},"end":{"line":95,"column":3}},"32":{"start":{"line":90,"column":4},"end":{"line":94,"column":6}},"33":{"start":{"line":98,"column":2},"end":{"line":138,"column":3}},"34":{"start":{"line":99,"column":19},"end":{"line":99,"column":44}},"35":{"start":{"line":100,"column":15},"end":{"line":100,"column":79}},"36":{"start":{"line":101,"column":32},"end":{"line":101,"column":58}},"37":{"start":{"line":103,"column":20},"end":{"line":111,"column":5}},"38":{"start":{"line":113,"column":19},"end":{"line":116,"column":5}},"39":{"start":{"line":118,"column":4},"end":{"line":124,"column":5}},"40":{"start":{"line":119,"column":6},"end":{"line":123,"column":8}},"41":{"start":{"line":126,"column":4},"end":{"line":130,"column":6}},"42":{"start":{"line":132,"column":4},"end":{"line":132,"column":44}},"43":{"start":{"line":133,"column":4},"end":{"line":137,"column":6}}},"fnMap":{"0":{"name":"connectToDatabase","decl":{"start":{"line":9,"column":15},"end":{"line":9,"column":32}},"loc":{"start":{"line":9,"column":35},"end":{"line":15,"column":1}},"line":9},"1":{"name":"(anonymous_1)","decl":{"start":{"line":24,"column":18},"end":{"line":24,"column":19}},"loc":{"start":{"line":24,"column":35},"end":{"line":139,"column":1}},"line":24}},"branchMap":{"0":{"loc":{"start":{"line":10,"column":2},"end":{"line":10,"column":40}},"type":"if","locations":[{"start":{"line":10,"column":2},"end":{"line":10,"column":40}},{"start":{},"end":{}}],"line":10},"1":{"loc":{"start":{"line":26,"column":2},"end":{"line":28,"column":3}},"type":"if","locations":[{"start":{"line":26,"column":2},"end":{"line":28,"column":3}},{"start":{},"end":{}}],"line":26},"2":{"loc":{"start":{"line":31,"column":21},"end":{"line":31,"column":81}},"type":"binary-expr","locations":[{"start":{"line":31,"column":21},"end":{"line":31,"column":49}},{"start":{"line":31,"column":53},"end":{"line":31,"column":81}}],"line":31},"3":{"loc":{"start":{"line":32,"column":2},"end":{"line":38,"column":3}},"type":"if","locations":[{"start":{"line":32,"column":2},"end":{"line":38,"column":3}},{"start":{},"end":{}}],"line":32},"4":{"loc":{"start":{"line":32,"column":6},"end":{"line":32,"column":54}},"type":"binary-expr","locations":[{"start":{"line":32,"column":6},"end":{"line":32,"column":17}},{"start":{"line":32,"column":21},"end":{"line":32,"column":54}}],"line":32},"5":{"loc":{"start":{"line":53,"column":2},"end":{"line":59,"column":3}},"type":"if","locations":[{"start":{"line":53,"column":2},"end":{"line":59,"column":3}},{"start":{},"end":{}}],"line":53},"6":{"loc":{"start":{"line":53,"column":6},"end":{"line":53,"column":52}},"type":"binary-expr","locations":[{"start":{"line":53,"column":6},"end":{"line":53,"column":18}},{"start":{"line":53,"column":22},"end":{"line":53,"column":52}}],"line":53},"7":{"loc":{"start":{"line":64,"column":22},"end":{"line":64,"column":40}},"type":"binary-expr","locations":[{"start":{"line":64,"column":22},"end":{"line":64,"column":32}},{"start":{"line":64,"column":36},"end":{"line":64,"column":40}}],"line":64},"8":{"loc":{"start":{"line":75,"column":2},"end":{"line":81,"column":3}},"type":"if","locations":[{"start":{"line":75,"column":2},"end":{"line":81,"column":3}},{"start":{},"end":{}}],"line":75},"9":{"loc":{"start":{"line":75,"column":6},"end":{"line":75,"column":42}},"type":"binary-expr","locations":[{"start":{"line":75,"column":6},"end":{"line":75,"column":13}},{"start":{"line":75,"column":17},"end":{"line":75,"column":42}}],"line":75},"10":{"loc":{"start":{"line":82,"column":2},"end":{"line":88,"column":3}},"type":"if","locations":[{"start":{"line":82,"column":2},"end":{"line":88,"column":3}},{"start":{},"end":{}}],"line":82},"11":{"loc":{"start":{"line":82,"column":6},"end":{"line":82,"column":48}},"type":"binary-expr","locations":[{"start":{"line":82,"column":6},"end":{"line":82,"column":16}},{"start":{"line":82,"column":20},"end":{"line":82,"column":48}}],"line":82},"12":{"loc":{"start":{"line":89,"column":2},"end":{"line":95,"column":3}},"type":"if","locations":[{"start":{"line":89,"column":2},"end":{"line":95,"column":3}},{"start":{},"end":{}}],"line":89},"13":{"loc":{"start":{"line":89,"column":6},"end":{"line":89,"column":44}},"type":"binary-expr","locations":[{"start":{"line":89,"column":6},"end":{"line":89,"column":14}},{"start":{"line":89,"column":18},"end":{"line":89,"column":44}}],"line":89},"14":{"loc":{"start":{"line":100,"column":25},"end":{"line":100,"column":78}},"type":"binary-expr","locations":[{"start":{"line":100,"column":25},"end":{"line":100,"column":44}},{"start":{"line":100,"column":48},"end":{"line":100,"column":78}}],"line":100},"15":{"loc":{"start":{"line":118,"column":4},"end":{"line":124,"column":5}},"type":"if","locations":[{"start":{"line":118,"column":4},"end":{"line":124,"column":5}},{"start":{},"end":{}}],"line":118}},"s":{"0":15,"1":15,"2":15,"3":3,"4":0,"5":3,"6":3,"7":3,"8":3,"9":15,"10":15,"11":15,"12":1,"13":14,"14":14,"15":2,"16":12,"17":12,"18":12,"19":1,"20":11,"21":11,"22":1,"23":10,"24":10,"25":1,"26":9,"27":9,"28":2,"29":7,"30":2,"31":5,"32":2,"33":3,"34":3,"35":3,"36":3,"37":3,"38":3,"39":2,"40":1,"41":1,"42":1,"43":1},"f":{"0":3,"1":15},"b":{"0":[0,3],"1":[1,14],"2":[14,1],"3":[2,12],"4":[14,13],"5":[1,10],"6":[11,11],"7":[10,0],"8":[2,7],"9":[9,8],"10":[2,5],"11":[7,6],"12":[2,3],"13":[5,4],"14":[3,0],"15":[1,1]},"_coverageSchema":"1a1c01bbd47fc00a2c39e90264f33305004495a9","hash":"8142a7d5dd1f6e01c1edb9192c62a197329ef49e"}
}
