TN:
SF:index.js
FN:9,connectToDatabase
FN:24,(anonymous_1)
FNF:2
FNH:2
FNDA:3,connectToDatabase
FNDA:15,(anonymous_1)
DA:3,15
DA:4,15
DA:7,15
DA:10,3
DA:11,3
DA:12,3
DA:13,3
DA:14,3
DA:17,15
DA:24,15
DA:26,15
DA:27,1
DA:31,14
DA:32,14
DA:33,2
DA:40,12
DA:41,12
DA:42,12
DA:44,1
DA:52,11
DA:53,11
DA:54,1
DA:63,10
DA:64,10
DA:66,1
DA:73,9
DA:75,9
DA:76,2
DA:82,7
DA:83,2
DA:89,5
DA:90,2
DA:98,3
DA:99,3
DA:100,3
DA:101,3
DA:103,3
DA:113,3
DA:118,2
DA:119,1
DA:126,1
DA:132,1
DA:133,1
LF:43
LH:43
BRDA:10,0,0,0
BRDA:10,0,1,3
BRDA:26,1,0,1
BRDA:26,1,1,14
BRDA:31,2,0,14
BRDA:31,2,1,1
BRDA:32,3,0,2
BRDA:32,3,1,12
BRDA:32,4,0,14
BRDA:32,4,1,13
BRDA:53,5,0,1
BRDA:53,5,1,10
BRDA:53,6,0,11
BRDA:53,6,1,11
BRDA:64,7,0,10
BRDA:64,7,1,0
BRDA:75,8,0,2
BRDA:75,8,1,7
BRDA:75,9,0,9
BRDA:75,9,1,8
BRDA:82,10,0,2
BRDA:82,10,1,5
BRDA:82,11,0,7
BRDA:82,11,1,6
BRDA:89,12,0,2
BRDA:89,12,1,3
BRDA:89,13,0,5
BRDA:89,13,1,4
BRDA:100,14,0,3
BRDA:100,14,1,0
BRDA:118,15,0,1
BRDA:118,15,1,1
BRF:32
BRH:29
end_of_record
